  main.cpp
E:\Desktop\Treasure-Hunt\Assimp, Hello World!\shader_m.h(60,36): warning C4101: 'e': variabile locale senza riferimenti
E:\Desktop\Treasure-Hunt\Assimp, Hello World!\mesh.h(84,1): warning C4267: 'argomento': conversione da 'size_t' a 'GLsizei'. Possibile perdita di dati.
E:\Desktop\Treasure-Hunt\Assimp, Hello World!\Terrain.h(46,37): warning C4244: '=': conversione da 'double' a 'T'. Possibile perdita di dati.
          with
          [
              T=float
          ]
E:\Desktop\Treasure-Hunt\Assimp, Hello World!\Terrain.h(49,37): warning C4244: '=': conversione da 'double' a 'T'. Possibile perdita di dati.
          with
          [
              T=float
          ]
E:\Desktop\Treasure-Hunt\Assimp, Hello World!\Terrain.h(52,37): warning C4244: '=': conversione da 'double' a 'T'. Possibile perdita di dati.
          with
          [
              T=float
          ]
E:\Desktop\Treasure-Hunt\Assimp, Hello World!\Terrain.h(55,37): warning C4244: '=': conversione da 'double' a 'T'. Possibile perdita di dati.
          with
          [
              T=float
          ]
E:\Desktop\Treasure-Hunt\Assimp, Hello World!\Terrain.h(129,1): warning C4267: 'argomento': conversione da 'size_t' a '_Ty'. Possibile perdita di dati.
          with
          [
              _Ty=unsigned int
          ]
E:\Desktop\Treasure-Hunt\Assimp, Hello World!\Terrain.h(160,1): warning C4267: '=': conversione da 'size_t' a 'unsigned int'. Possibile perdita di dati.
E:\Desktop\Treasure-Hunt\Assimp, Hello World!\DrawableObjIstanced.h(55,1): warning C4267: 'argomento': conversione da 'size_t' a 'GLsizei'. Possibile perdita di dati.
E:\Desktop\Treasure-Hunt\Assimp, Hello World!\DrawableObjIstanced.h(114,1): warning C4267: 'inizializzazione': conversione da 'size_t' a 'unsigned int'. Possibile perdita di dati.
E:\Desktop\Treasure-Hunt\Assimp, Hello World!\main.cpp(91,23): warning C4305: 'inizializzazione': troncamento da 'double' a 'float'
E:\Desktop\Treasure-Hunt\Assimp, Hello World!\main.cpp(261,28): warning C4244: 'inizializzazione': conversione da 'double' a 'float'. Possibile perdita di dati.
E:\Desktop\Treasure-Hunt\Assimp, Hello World!\main.cpp(409,52): warning C4305: 'argomento': troncamento da 'double' a 'float'
E:\Desktop\Treasure-Hunt\Assimp, Hello World!\main.cpp(500,17): warning C4244: '=': conversione da 'double' a 'float'. Possibile perdita di dati.
E:\Desktop\Treasure-Hunt\Assimp, Hello World!\main.cpp(501,17): warning C4244: '=': conversione da 'double' a 'float'. Possibile perdita di dati.
E:\Desktop\Treasure-Hunt\Assimp, Hello World!\main.cpp(505,19): warning C4244: 'inizializzazione': conversione da 'double' a 'float'. Possibile perdita di dati.
E:\Desktop\Treasure-Hunt\Assimp, Hello World!\main.cpp(506,19): warning C4244: 'inizializzazione': conversione da 'double' a 'float'. Possibile perdita di dati.
E:\Desktop\Treasure-Hunt\Assimp, Hello World!\main.cpp(508,13): warning C4244: '=': conversione da 'double' a 'float'. Possibile perdita di dati.
E:\Desktop\Treasure-Hunt\Assimp, Hello World!\main.cpp(509,13): warning C4244: '=': conversione da 'double' a 'float'. Possibile perdita di dati.
E:\Desktop\Treasure-Hunt\Assimp, Hello World!\main.cpp(518,31): warning C4244: 'argomento': conversione da 'double' a 'float'. Possibile perdita di dati.
E:\Desktop\Treasure-Hunt\Assimp, Hello World!\kdtree.h(224,1): warning C4267: 'argomento': conversione da 'size_t' a 'int'. Possibile perdita di dati.
E:\Desktop\Treasure-Hunt\Assimp, Hello World!\kdtree.h(221,1): message : durante la compilazione della funzione membro 'double kd::AlberoKD<TriangoloPt>::calcolaDistanza(const PuntoT &,const PuntoT &)' di modello classe
          with
          [
              PuntoT=TriangoloPt
          ]
E:\Desktop\Treasure-Hunt\Assimp, Hello World!\kdtree.h(277,35): message : vedere il riferimento all'istanza 'double kd::AlberoKD<TriangoloPt>::calcolaDistanza(const PuntoT &,const PuntoT &)' della funzione modello di cui è in corso la compilazione
          with
          [
              PuntoT=TriangoloPt
          ]
E:\Desktop\Treasure-Hunt\Assimp, Hello World!\Terrain.h(91,26): message : vedere il riferimento all'istanza 'kd::AlberoKD<TriangoloPt>' di modello classe di cui è in corso la compilazione
  Generazione codice in corso...
  3 of 1309 functions ( 0.2%) were compiled, the rest were copied from previous compilation.
    0 functions were new in current compilation
    8 functions had inline decision re-evaluated but remain unchanged
  Generazione codice terminata
  Assimp, Hello World!.vcxproj -> E:\Desktop\Treasure-Hunt\x64\Release\Improved Shadow Mapping.exe
          1 file copiati.
