  main.cpp
E:\Desktop\Treasure-Hunt\Assimp, Hello World!\shader_m.h(60,36): warning C4101: 'e': variabile locale senza riferimenti
E:\Desktop\Treasure-Hunt\Assimp, Hello World!\mesh.h(84,1): warning C4267: 'argomento': conversione da 'size_t' a 'GLsizei'. Possibile perdita di dati.
E:\Desktop\Treasure-Hunt\Assimp, Hello World!\Terrain.h(124,1): warning C4267: 'argomento': conversione da 'size_t' a '_Ty'. Possibile perdita di dati.
          with
          [
              _Ty=unsigned int
          ]
E:\Desktop\Treasure-Hunt\Assimp, Hello World!\Terrain.h(155,1): warning C4267: '=': conversione da 'size_t' a 'unsigned int'. Possibile perdita di dati.
E:\Desktop\Treasure-Hunt\Assimp, Hello World!\DrawableObjIstanced.h(62,1): warning C4267: 'argomento': conversione da 'size_t' a 'GLsizei'. Possibile perdita di dati.
E:\Desktop\Treasure-Hunt\Assimp, Hello World!\DrawableObjIstanced.h(75,20): warning C4244: 'inizializzazione': conversione da 'double' a 'float'. Possibile perdita di dati.
E:\Desktop\Treasure-Hunt\Assimp, Hello World!\DrawableObjIstanced.h(129,1): warning C4267: 'inizializzazione': conversione da 'size_t' a 'unsigned int'. Possibile perdita di dati.
E:\Desktop\Treasure-Hunt\Assimp, Hello World!\effects.h(51,56): warning C4244: 'argomento': conversione da 'double' a 'float'. Possibile perdita di dati.
E:\Desktop\Treasure-Hunt\Assimp, Hello World!\effects.h(54,65): warning C4244: 'argomento': conversione da 'double' a 'float'. Possibile perdita di dati.
E:\Desktop\Treasure-Hunt\Assimp, Hello World!\effects.h(54,28): warning C4244: 'argomento': conversione da 'double' a 'float'. Possibile perdita di dati.
E:\Desktop\Treasure-Hunt\Assimp, Hello World!\effects.h(71,17): warning C4244: 'inizializzazione': conversione da 'double' a 'float'. Possibile perdita di dati.
E:\Desktop\Treasure-Hunt\Assimp, Hello World!\effects.h(72,17): warning C4244: 'inizializzazione': conversione da 'double' a 'float'. Possibile perdita di dati.
E:\Desktop\Treasure-Hunt\Assimp, Hello World!\effects.h(73,17): warning C4244: 'inizializzazione': conversione da 'double' a 'float'. Possibile perdita di dati.
E:\Desktop\Treasure-Hunt\Assimp, Hello World!\effects.h(82,19): warning C4244: 'inizializzazione': conversione da 'double' a 'float'. Possibile perdita di dati.
E:\Desktop\Treasure-Hunt\Assimp, Hello World!\Coperchi.h(26,20): warning C4244: 'inizializzazione': conversione da 'double' a 'float'. Possibile perdita di dati.
E:\Desktop\Treasure-Hunt\Assimp, Hello World!\Coperchi.h(85,1): warning C4267: 'argomento': conversione da 'size_t' a 'GLsizei'. Possibile perdita di dati.
E:\Desktop\Treasure-Hunt\Assimp, Hello World!\Coperchi.h(138,1): warning C4267: 'inizializzazione': conversione da 'size_t' a 'int'. Possibile perdita di dati.
E:\Desktop\Treasure-Hunt\Assimp, Hello World!\renderText.h(70,27): warning C4244: 'inizializzazione': conversione da 'unsigned int' a 'float'. Possibile perdita di dati.
E:\Desktop\Treasure-Hunt\Assimp, Hello World!\renderText.h(71,37): warning C4244: 'argomento': conversione da 'float' a 'FT_UInt'. Possibile perdita di dati.
E:\Desktop\Treasure-Hunt\Assimp, Hello World!\renderText.h(199,22): warning C4244: 'inizializzazione': conversione da 'T' a 'float'. Possibile perdita di dati.
          with
          [
              T=int
          ]
E:\Desktop\Treasure-Hunt\Assimp, Hello World!\main.cpp(100,23): warning C4305: 'inizializzazione': troncamento da 'double' a 'float'
E:\Desktop\Treasure-Hunt\Assimp, Hello World!\main.cpp(307,47): warning C4244: '=': conversione da 'double' a 'float'. Possibile perdita di dati.
E:\Desktop\Treasure-Hunt\Assimp, Hello World!\main.cpp(313,32): warning C4244: 'inizializzazione': conversione da 'double' a 'float'. Possibile perdita di dati.
E:\Desktop\Treasure-Hunt\Assimp, Hello World!\main.cpp(528,52): warning C4305: 'argomento': troncamento da 'double' a 'float'
E:\Desktop\Treasure-Hunt\Assimp, Hello World!\main.cpp(537,58): warning C4305: 'argomento': troncamento da 'double' a 'float'
E:\Desktop\Treasure-Hunt\Assimp, Hello World!\main.cpp(610,17): warning C4244: '=': conversione da 'double' a 'float'. Possibile perdita di dati.
E:\Desktop\Treasure-Hunt\Assimp, Hello World!\main.cpp(611,17): warning C4244: '=': conversione da 'double' a 'float'. Possibile perdita di dati.
E:\Desktop\Treasure-Hunt\Assimp, Hello World!\main.cpp(615,19): warning C4244: 'inizializzazione': conversione da 'double' a 'float'. Possibile perdita di dati.
E:\Desktop\Treasure-Hunt\Assimp, Hello World!\main.cpp(616,19): warning C4244: 'inizializzazione': conversione da 'double' a 'float'. Possibile perdita di dati.
E:\Desktop\Treasure-Hunt\Assimp, Hello World!\main.cpp(618,13): warning C4244: '=': conversione da 'double' a 'float'. Possibile perdita di dati.
E:\Desktop\Treasure-Hunt\Assimp, Hello World!\main.cpp(619,13): warning C4244: '=': conversione da 'double' a 'float'. Possibile perdita di dati.
E:\Desktop\Treasure-Hunt\Assimp, Hello World!\main.cpp(628,31): warning C4244: 'argomento': conversione da 'double' a 'float'. Possibile perdita di dati.
E:\Desktop\Treasure-Hunt\Assimp, Hello World!\kdtree.h(224,1): warning C4267: 'argomento': conversione da 'size_t' a 'int'. Possibile perdita di dati.
E:\Desktop\Treasure-Hunt\Assimp, Hello World!\kdtree.h(221,1): message : durante la compilazione della funzione membro 'double kd::AlberoKD<TriangoloPt>::calcolaDistanza(const PuntoT &,const PuntoT &)' di modello classe
          with
          [
              PuntoT=TriangoloPt
          ]
E:\Desktop\Treasure-Hunt\Assimp, Hello World!\kdtree.h(277,35): message : vedere il riferimento all'istanza 'double kd::AlberoKD<TriangoloPt>::calcolaDistanza(const PuntoT &,const PuntoT &)' della funzione modello di cui è in corso la compilazione
          with
          [
              PuntoT=TriangoloPt
          ]
E:\Desktop\Treasure-Hunt\Assimp, Hello World!\Terrain.h(86,26): message : vedere il riferimento all'istanza 'kd::AlberoKD<TriangoloPt>' di modello classe di cui è in corso la compilazione
E:\Desktop\Treasure-Hunt\Assimp, Hello World!\renderText.h(131): warning C4715: 'initRenderText': non tutti i percorsi di controllo restituiscono un valore
  Assimp, Hello World!.vcxproj -> E:\Desktop\Treasure-Hunt\x64\Debug\Improved Shadow Mapping.exe
          1 file copiati.
