  main.cpp
E:\Desktop\Treasure-Hunt\Assimp, Hello World!\shader_m.h(60,36): warning C4101: 'e': variabile locale senza riferimenti
E:\Desktop\Treasure-Hunt\Assimp, Hello World!\mesh.h(84,1): warning C4267: 'argomento': conversione da 'size_t' a 'GLsizei'. Possibile perdita di dati.
E:\Desktop\Treasure-Hunt\Assimp, Hello World!\Terrain.h(20,37): warning C4244: '=': conversione da 'double' a 'T'. Possibile perdita di dati.
          with
          [
              T=float
          ]
E:\Desktop\Treasure-Hunt\Assimp, Hello World!\Terrain.h(23,37): warning C4244: '=': conversione da 'double' a 'T'. Possibile perdita di dati.
          with
          [
              T=float
          ]
E:\Desktop\Treasure-Hunt\Assimp, Hello World!\Terrain.h(26,37): warning C4244: '=': conversione da 'double' a 'T'. Possibile perdita di dati.
          with
          [
              T=float
          ]
E:\Desktop\Treasure-Hunt\Assimp, Hello World!\Terrain.h(29,37): warning C4244: '=': conversione da 'double' a 'T'. Possibile perdita di dati.
          with
          [
              T=float
          ]
E:\Desktop\Treasure-Hunt\Assimp, Hello World!\main.cpp(193,28): warning C4244: 'inizializzazione': conversione da 'double' a 'float'. Possibile perdita di dati.
E:\Desktop\Treasure-Hunt\Assimp, Hello World!\main.cpp(491,17): warning C4244: '=': conversione da 'double' a 'float'. Possibile perdita di dati.
E:\Desktop\Treasure-Hunt\Assimp, Hello World!\main.cpp(492,17): warning C4244: '=': conversione da 'double' a 'float'. Possibile perdita di dati.
E:\Desktop\Treasure-Hunt\Assimp, Hello World!\main.cpp(496,19): warning C4244: 'inizializzazione': conversione da 'double' a 'float'. Possibile perdita di dati.
E:\Desktop\Treasure-Hunt\Assimp, Hello World!\main.cpp(497,19): warning C4244: 'inizializzazione': conversione da 'double' a 'float'. Possibile perdita di dati.
E:\Desktop\Treasure-Hunt\Assimp, Hello World!\main.cpp(499,13): warning C4244: '=': conversione da 'double' a 'float'. Possibile perdita di dati.
E:\Desktop\Treasure-Hunt\Assimp, Hello World!\main.cpp(500,13): warning C4244: '=': conversione da 'double' a 'float'. Possibile perdita di dati.
E:\Desktop\Treasure-Hunt\Assimp, Hello World!\main.cpp(509,31): warning C4244: 'argomento': conversione da 'double' a 'float'. Possibile perdita di dati.
  Assimp, Hello World!.vcxproj -> E:\Desktop\Treasure-Hunt\x64\Debug\Improved Shadow Mapping.exe
          1 file copiati.
